[29-Apr-2025 16:59:12] NOTICE: fpm is running, pid 8027
[29-Apr-2025 16:59:12] NOTICE: ready to handle connections
[29-Apr-2025 17:01:28] NOTICE: Terminating ...
[29-Apr-2025 17:01:28] NOTICE: Terminating ...
[29-Apr-2025 17:01:28] NOTICE: exiting, bye-bye!
[29-Apr-2025 17:03:36] NOTICE: fpm is running, pid 8537
[29-Apr-2025 17:03:36] NOTICE: ready to handle connections
[29-Apr-2025 17:05:16] NOTICE: Terminating ...
[29-Apr-2025 17:05:16] NOTICE: Terminating ...
[29-Apr-2025 17:05:16] NOTICE: exiting, bye-bye!
[29-Apr-2025 17:51:53] NOTICE: fpm is running, pid 8946
[29-Apr-2025 17:51:53] NOTICE: ready to handle connections
[29-Apr-2025 18:59:34] NOTICE: Terminating ...
[29-Apr-2025 18:59:34] NOTICE: Terminating ...
[29-Apr-2025 18:59:34] NOTICE: exiting, bye-bye!
[02-May-2025 12:51:16] NOTICE: fpm is running, pid 6483
[02-May-2025 12:51:16] NOTICE: ready to handle connections
[02-May-2025 16:49:06] NOTICE: Terminating ...
[02-May-2025 16:49:06] NOTICE: Terminating ...
[02-May-2025 16:49:06] NOTICE: exiting, bye-bye!
[02-May-2025 17:38:22] NOTICE: fpm is running, pid 1045
[02-May-2025 17:38:22] NOTICE: ready to handle connections
[02-May-2025 17:57:04] NOTICE: Terminating ...
[02-May-2025 17:57:04] NOTICE: Terminating ...
[02-May-2025 17:57:04] NOTICE: exiting, bye-bye!
[03-May-2025 07:30:34] NOTICE: fpm is running, pid 1101
[03-May-2025 07:30:34] NOTICE: ready to handle connections
[03-May-2025 11:18:27] NOTICE: Terminating ...
[03-May-2025 11:18:27] NOTICE: Terminating ...
[03-May-2025 11:18:27] NOTICE: exiting, bye-bye!
[03-May-2025 11:18:32] NOTICE: fpm is running, pid 3175
[03-May-2025 11:18:32] NOTICE: ready to handle connections
[03-May-2025 11:18:41] NOTICE: Terminating ...
[03-May-2025 11:18:41] NOTICE: Terminating ...
[03-May-2025 11:18:41] NOTICE: exiting, bye-bye!
[06-May-2025 09:35:56] NOTICE: fpm is running, pid 2454
[06-May-2025 09:35:56] NOTICE: ready to handle connections
[06-May-2025 10:04:29] NOTICE: Terminating ...
[06-May-2025 10:04:29] NOTICE: Terminating ...
[06-May-2025 10:04:29] NOTICE: exiting, bye-bye!
